<?xml version="1.0" encoding="UTF-8"?>
<testsuites name="jest tests" tests="20" failures="0" time="9.318">
  <testsuite name="Input custom Component" errors="0" failures="0" skipped="0" timestamp="2020-12-26T20:56:25" time="3.602" tests="1">
    <testcase classname="Input custom Component Initial state Should render" name="Input custom Component Initial state Should render" time="0.11">
    </testcase>
  </testsuite>
  <testsuite name="SimpleHeader Component" errors="0" failures="0" skipped="0" timestamp="2020-12-26T20:56:25" time="3.604" tests="1">
    <testcase classname="SimpleHeader Component Initial state Should render" name="SimpleHeader Component Initial state Should render" time="0.147">
    </testcase>
  </testsuite>
  <testsuite name="AccountApi access helper class" errors="0" failures="0" skipped="0" timestamp="2020-12-26T20:56:28" time="0.515" tests="1">
    <testcase classname="AccountApi access helper class getAccounts method should make getAccounts call correctly" name="AccountApi access helper class getAccounts method should make getAccounts call correctly" time="0.002">
    </testcase>
  </testsuite>
  <testsuite name="Login component" errors="0" failures="0" skipped="0" timestamp="2020-12-26T20:56:25" time="4.18" tests="3">
    <testcase classname="Login component Initial state Should render" name="Login component Initial state Should render" time="0.184">
    </testcase>
    <testcase classname="Login component Initial state Should render with loading" name="Login component Initial state Should render with loading" time="0.025">
    </testcase>
    <testcase classname="Login component Initial state Should render with loading" name="Login component Initial state Should render with loading" time="0.027">
    </testcase>
  </testsuite>
  <testsuite name="LoginApi access helper class" errors="0" failures="0" skipped="0" timestamp="2020-12-26T20:56:29" time="0.455" tests="2">
    <testcase classname="LoginApi access helper class getClients method should make getClients call correctly" name="LoginApi access helper class getClients method should make getClients call correctly" time="0.005">
    </testcase>
    <testcase classname="LoginApi access helper class getClients method should make getClient call correctly" name="LoginApi access helper class getClients method should make getClient call correctly" time="0.007">
    </testcase>
  </testsuite>
  <testsuite name="App component" errors="0" failures="0" skipped="0" timestamp="2020-12-26T20:56:28" time="1.134" tests="1">
    <testcase classname="App component Initial state Should render" name="App component Initial state Should render" time="0.156">
    </testcase>
  </testsuite>
  <testsuite name="Login component" errors="0" failures="0" skipped="0" timestamp="2020-12-26T20:56:29" time="1.01" tests="3">
    <testcase classname="Login component Initial state Should render No accounts" name="Login component Initial state Should render No accounts" time="0.073">
    </testcase>
    <testcase classname="Login component Initial state Should render Error message" name="Login component Initial state Should render Error message" time="0.01">
    </testcase>
    <testcase classname="Login component Initial state Should render account cards" name="Login component Initial state Should render account cards" time="0.095">
    </testcase>
  </testsuite>
  <testsuite name="mainDB helper functions" errors="0" failures="0" skipped="0" timestamp="2020-12-26T20:56:29" time="0.606" tests="4">
    <testcase classname="mainDB helper functions setDBItem helper function Should call Storage set" name="mainDB helper functions setDBItem helper function Should call Storage set" time="0.002">
    </testcase>
    <testcase classname="mainDB helper functions getDBItem helper function Should call Storage get" name="mainDB helper functions getDBItem helper function Should call Storage get" time="0">
    </testcase>
    <testcase classname="mainDB helper functions getParsedDBItem helper function Should return the parsed item from DB" name="mainDB helper functions getParsedDBItem helper function Should return the parsed item from DB" time="0.001">
    </testcase>
    <testcase classname="mainDB helper functions clearDB helper function Should call Storage clear" name="mainDB helper functions clearDB helper function Should call Storage clear" time="0">
    </testcase>
  </testsuite>
  <testsuite name="AppStore Integration Tests" errors="0" failures="0" skipped="0" timestamp="2020-12-26T20:56:30" time="0.722" tests="1">
    <testcase classname="AppStore Integration Tests Initializes the store" name="AppStore Integration Tests Initializes the store" time="0">
    </testcase>
  </testsuite>
  <testsuite name="API access helper class" errors="0" failures="0" skipped="0" timestamp="2020-12-26T20:56:30" time="0.712" tests="1">
    <testcase classname="API access helper class get method should make a call correctly" name="API access helper class get method should make a call correctly" time="0.003">
    </testcase>
  </testsuite>
  <testsuite name="LoginData" errors="0" failures="0" skipped="0" timestamp="2020-12-26T20:56:30" time="0.572" tests="1">
    <testcase classname="LoginData saveUserOnDB Should call Storage set" name="LoginData saveUserOnDB Should call Storage set" time="0.001">
    </testcase>
  </testsuite>
  <testsuite name="AccountCard component" errors="0" failures="0" skipped="0" timestamp="2020-12-26T20:56:30" time="0.48" tests="1">
    <testcase classname="AccountCard component Initial state Should render" name="AccountCard component Initial state Should render" time="0.015">
    </testcase>
  </testsuite>
</testsuites>