<?xml version="1.0" encoding="UTF-8"?>
<testsuites name="jest tests" tests="15" failures="0" time="7.621">
  <testsuite name="Input custom Component" errors="0" failures="0" skipped="0" timestamp="2020-12-26T19:05:35" time="3.427" tests="1">
    <testcase classname="Input custom Component Initial state Should render" name="Input custom Component Initial state Should render" time="0.138">
    </testcase>
  </testsuite>
  <testsuite name="SimpleHeader Component" errors="0" failures="0" skipped="0" timestamp="2020-12-26T19:05:35" time="3.659" tests="1">
    <testcase classname="SimpleHeader Component Initial state Should render" name="SimpleHeader Component Initial state Should render" time="0.067">
    </testcase>
  </testsuite>
  <testsuite name="LoginData" errors="0" failures="0" skipped="0" timestamp="2020-12-26T19:05:38" time="0.376" tests="1">
    <testcase classname="LoginData saveUserOnDB Should call Storage set" name="LoginData saveUserOnDB Should call Storage set" time="0.002">
    </testcase>
  </testsuite>
  <testsuite name="Login component" errors="0" failures="0" skipped="0" timestamp="2020-12-26T19:05:35" time="4.182" tests="3">
    <testcase classname="Login component Initial state Should render" name="Login component Initial state Should render" time="0.163">
    </testcase>
    <testcase classname="Login component Initial state Should render with loading" name="Login component Initial state Should render with loading" time="0.028">
    </testcase>
    <testcase classname="Login component Initial state Should render with loading" name="Login component Initial state Should render with loading" time="0.017">
    </testcase>
  </testsuite>
  <testsuite name="AppStore Integration Tests" errors="0" failures="0" skipped="0" timestamp="2020-12-26T19:05:39" time="0.437" tests="1">
    <testcase classname="AppStore Integration Tests Initializes the store" name="AppStore Integration Tests Initializes the store" time="0">
    </testcase>
  </testsuite>
  <testsuite name="mainDB helper functions" errors="0" failures="0" skipped="0" timestamp="2020-12-26T19:05:39" time="0.537" tests="4">
    <testcase classname="mainDB helper functions setDBItem helper function Should call Storage set" name="mainDB helper functions setDBItem helper function Should call Storage set" time="0.001">
    </testcase>
    <testcase classname="mainDB helper functions getDBItem helper function Should call Storage get" name="mainDB helper functions getDBItem helper function Should call Storage get" time="0.001">
    </testcase>
    <testcase classname="mainDB helper functions getParsedDBItem helper function Should return the parsed item from DB" name="mainDB helper functions getParsedDBItem helper function Should return the parsed item from DB" time="0">
    </testcase>
    <testcase classname="mainDB helper functions clearDB helper function Should call Storage clear" name="mainDB helper functions clearDB helper function Should call Storage clear" time="0.001">
    </testcase>
  </testsuite>
  <testsuite name="API access helper class" errors="0" failures="0" skipped="0" timestamp="2020-12-26T19:05:39" time="0.367" tests="1">
    <testcase classname="API access helper class get method should make a call correctly" name="API access helper class get method should make a call correctly" time="0.001">
    </testcase>
  </testsuite>
  <testsuite name="LoginApi access helper class" errors="0" failures="0" skipped="0" timestamp="2020-12-26T19:05:40" time="0.38" tests="2">
    <testcase classname="LoginApi access helper class getClients method should make getClients call correctly" name="LoginApi access helper class getClients method should make getClients call correctly" time="0.002">
    </testcase>
    <testcase classname="LoginApi access helper class getClients method should make getClient call correctly" name="LoginApi access helper class getClients method should make getClient call correctly" time="0.001">
    </testcase>
  </testsuite>
  <testsuite name="App component" errors="0" failures="0" skipped="0" timestamp="2020-12-26T19:05:38" time="1.726" tests="1">
    <testcase classname="App component Initial state Should render" name="App component Initial state Should render" time="0.069">
    </testcase>
  </testsuite>
</testsuites>